2025-12-17 01:00:36 INFO  Utils:112 - [TestNG] Running:
  C:\Users\Sarada\OpenCartAutomation\OpenCartV001\masterSuite.xml

2025-12-17 01:01:52 INFO  Utils:112 - [TestNG] Running:
  C:\Users\Sarada\OpenCartAutomation\OpenCartV001\masterSuite.xml

2025-12-17 01:02:39 INFO  Utils:112 - [TestNG] Running:
  C:\Users\Sarada\OpenCartAutomation\OpenCartV001\parallelExecutionSuite.xml

2025-12-17 01:04:04 INFO  Utils:112 - [TestNG] Running:
  C:\Users\Sarada\OpenCartAutomation\OpenCartV001\parallelExecutionSuite.xml

2025-12-17 01:09:08 INFO  Utils:112 - [TestNG] Running:
  C:\Users\Sarada\OpenCartAutomation\OpenCartV001\parallelExecutionSuite.xml

2025-12-17 01:09:14 INFO  TC001_AccountRegistrationTest:21 -  ------ Started executing TC001_AccountRegistrationTest ------
2025-12-17 01:09:14 INFO  TC001_AccountRegistrationTest:21 -  ------ Started executing TC001_AccountRegistrationTest ------
2025-12-17 01:09:14 INFO  TC001_AccountRegistrationTest:25 - Clicked on My Account
2025-12-17 01:09:15 INFO  TC001_AccountRegistrationTest:25 - Clicked on My Account
2025-12-17 17:28:42 INFO  Utils:112 - [TestNG] Running:
  C:\Users\Sarada\OpenCartAutomation\OpenCartV001\gridExecution.xml

2025-12-17 17:29:08 INFO  Utils:112 - [TestNG] Running:
  C:\Users\Sarada\OpenCartAutomation\OpenCartV001\gridExecution.xml

2025-12-17 17:29:21 INFO  TC001_AccountRegistrationTest:21 -  ------ Started executing TC001_AccountRegistrationTest ------
2025-12-17 17:29:21 INFO  TC001_AccountRegistrationTest:25 - Clicked on My Account
2025-12-17 17:29:22 INFO  TC001_AccountRegistrationTest:27 - Clicked on Register
2025-12-17 17:29:23 INFO  TC001_AccountRegistrationTest:41 - Clicked on continue
2025-12-17 17:29:24 INFO  TC001_AccountRegistrationTest:46 - ----- Completed test-----
2025-12-17 17:34:09 INFO  Utils:112 - [TestNG] Running:
  C:\Users\Sarada\OpenCartAutomation\OpenCartV001\gridExecution.xml

2025-12-17 17:34:23 INFO  TC001_AccountRegistrationTest:21 -  ------ Started executing TC001_AccountRegistrationTest ------
2025-12-17 17:34:24 INFO  TC001_AccountRegistrationTest:25 - Clicked on My Account
2025-12-17 17:34:24 INFO  TC001_AccountRegistrationTest:27 - Clicked on Register
2025-12-17 17:34:26 INFO  TC001_AccountRegistrationTest:41 - Clicked on continue
2025-12-17 17:34:26 INFO  TC001_AccountRegistrationTest:46 - ----- Completed test-----
2025-12-17 17:40:06 INFO  Utils:112 - [TestNG] Running:
  C:\Users\Sarada\OpenCartAutomation\OpenCartV001\gridExecution.xml

2025-12-17 17:40:21 INFO  TC001_AccountRegistrationTest:21 -  ------ Started executing TC001_AccountRegistrationTest ------
2025-12-17 17:40:21 INFO  TC001_AccountRegistrationTest:25 - Clicked on My Account
2025-12-17 17:40:22 INFO  TC001_AccountRegistrationTest:27 - Clicked on Register
2025-12-17 17:42:48 INFO  Utils:112 - [TestNG] Running:
  C:\Users\Sarada\OpenCartAutomation\OpenCartV001\gridExecution.xml

2025-12-17 17:46:46 INFO  Utils:112 - [TestNG] Running:
  C:\Users\Sarada\OpenCartAutomation\OpenCartV001\gridExecution.xml

2025-12-17 17:48:58 INFO  Utils:112 - [TestNG] Running:
  C:\Users\Sarada\OpenCartAutomation\OpenCartV001\parallelExecutionSuite.xml

2025-12-17 17:49:07 INFO  TC001_AccountRegistrationTest:21 -  ------ Started executing TC001_AccountRegistrationTest ------
2025-12-17 17:49:08 INFO  TC001_AccountRegistrationTest:25 - Clicked on My Account
2025-12-17 17:49:08 INFO  TC001_AccountRegistrationTest:27 - Clicked on Register
2025-12-17 17:49:10 INFO  TC001_AccountRegistrationTest:41 - Clicked on continue
2025-12-17 17:49:10 INFO  TC001_AccountRegistrationTest:46 - ----- Completed test-----
2025-12-17 17:49:12 INFO  TC001_AccountRegistrationTest:21 -  ------ Started executing TC001_AccountRegistrationTest ------
2025-12-17 17:49:13 INFO  TC001_AccountRegistrationTest:25 - Clicked on My Account
2025-12-17 17:49:13 INFO  TC001_AccountRegistrationTest:27 - Clicked on Register
2025-12-17 17:49:15 INFO  TC001_AccountRegistrationTest:41 - Clicked on continue
2025-12-17 17:49:15 INFO  TC001_AccountRegistrationTest:46 - ----- Completed test-----
2025-12-17 17:49:35 INFO  Utils:112 - [TestNG] Running:
  C:\Users\Sarada\OpenCartAutomation\OpenCartV001\parallelExecutionSuite.xml

2025-12-17 17:51:41 INFO  Utils:112 - [TestNG] Running:
  C:\Users\Sarada\OpenCartAutomation\OpenCartV001\gridExecution.xml

2025-12-17 17:57:24 INFO  Utils:112 - [TestNG] Running:
  C:\Users\Sarada\OpenCartAutomation\OpenCartV001\gridExecution.xml

